#! /usr/local/bin/vvp
:ivl_version "12.0 (stable)";
:ivl_delay_selection "TYPICAL";
:vpi_time_precision + 0;
:vpi_module "/usr/local/lib/ivl/system.vpi";
:vpi_module "/usr/local/lib/ivl/vhdl_sys.vpi";
:vpi_module "/usr/local/lib/ivl/vhdl_textio.vpi";
:vpi_module "/usr/local/lib/ivl/v2005_math.vpi";
:vpi_module "/usr/local/lib/ivl/va_math.vpi";
:vpi_module "/usr/local/lib/ivl/v2009.vpi";
S_0x11127f0 .scope package, "$unit" "$unit" 2 1;
 .timescale 0 0;
S_0x1122f30 .scope module, "test" "test" 3 2;
 .timescale 0 0;
v0x1139ba0_0 .var "a", 0 0;
v0x1139c40_0 .var "clk", 0 0;
v0x1139d10_0 .net "out1", 0 0, L_0x1139f10;  1 drivers
v0x1139e10_0 .net "out2", 0 0, L_0x113a050;  1 drivers
S_0x11230c0 .scope module, "FSM" "fsm" 3 8, 4 10 0, S_0x1122f30;
 .timescale 0 0;
    .port_info 0 /INPUT 1 "clk";
    .port_info 1 /INPUT 1 "a";
    .port_info 2 /OUTPUT 1 "out1";
    .port_info 3 /OUTPUT 1 "out2";
P_0x11232a0 .param/l "FINAL" 0 4 22, C4<100>;
P_0x11232e0 .param/l "IDLE" 0 4 20, C4<001>;
P_0x1123320 .param/l "STATE_1" 0 4 21, C4<010>;
L_0x7fe36d084018 .functor BUFT 1, C4<010>, C4<0>, C4<0>, C4<0>;
v0x11236c0_0 .net/2u *"_ivl_0", 2 0, L_0x7fe36d084018;  1 drivers
L_0x7fe36d084060 .functor BUFT 1, C4<100>, C4<0>, C4<0>, C4<0>;
v0x1139410_0 .net/2u *"_ivl_4", 2 0, L_0x7fe36d084060;  1 drivers
v0x1139510_0 .net "a", 0 0, v0x1139ba0_0;  1 drivers
v0x11395b0_0 .net "clk", 0 0, v0x1139c40_0;  1 drivers
v0x1139670_0 .net "out1", 0 0, L_0x1139f10;  alias, 1 drivers
v0x1139780_0 .net "out2", 0 0, L_0x113a050;  alias, 1 drivers
v0x1139840_0 .var "state", 2 0;
E_0x1123cd0 .event posedge, v0x11395b0_0;
L_0x1139f10 .cmp/eq 3, v0x1139840_0, L_0x7fe36d084018;
L_0x113a050 .cmp/eq 3, v0x1139840_0, L_0x7fe36d084060;
S_0x11399a0 .scope task, "toggle_clk" "toggle_clk" 3 46, 3 46 0, S_0x1122f30;
 .timescale 0 0;
TD_test.toggle_clk ;
    %delay 10, 0;
    %load/vec4 v0x1139c40_0;
    %inv;
    %store/vec4 v0x1139c40_0, 0, 1;
    %delay 10, 0;
    %load/vec4 v0x1139c40_0;
    %inv;
    %store/vec4 v0x1139c40_0, 0, 1;
    %end;
    .scope S_0x11230c0;
T_1 ;
    %wait E_0x1123cd0;
    %load/vec4 v0x1139840_0;
    %dup/vec4;
    %pushi/vec4 1, 0, 3;
    %cmp/u;
    %jmp/1 T_1.0, 6;
    %dup/vec4;
    %pushi/vec4 2, 0, 3;
    %cmp/u;
    %jmp/1 T_1.1, 6;
    %dup/vec4;
    %pushi/vec4 4, 0, 3;
    %cmp/u;
    %jmp/1 T_1.2, 6;
    %pushi/vec4 1, 0, 3;
    %assign/vec4 v0x1139840_0, 0;
    %jmp T_1.4;
T_1.0 ;
    %load/vec4 v0x1139510_0;
    %flag_set/vec4 8;
    %jmp/0xz  T_1.5, 8;
    %pushi/vec4 2, 0, 3;
    %assign/vec4 v0x1139840_0, 0;
    %jmp T_1.6;
T_1.5 ;
    %pushi/vec4 1, 0, 3;
    %assign/vec4 v0x1139840_0, 0;
T_1.6 ;
    %jmp T_1.4;
T_1.1 ;
    %load/vec4 v0x1139510_0;
    %flag_set/vec4 8;
    %jmp/0xz  T_1.7, 8;
    %pushi/vec4 4, 0, 3;
    %assign/vec4 v0x1139840_0, 0;
    %jmp T_1.8;
T_1.7 ;
    %pushi/vec4 1, 0, 3;
    %assign/vec4 v0x1139840_0, 0;
T_1.8 ;
    %jmp T_1.4;
T_1.2 ;
    %load/vec4 v0x1139510_0;
    %flag_set/vec4 8;
    %jmp/0xz  T_1.9, 8;
    %pushi/vec4 4, 0, 3;
    %assign/vec4 v0x1139840_0, 0;
    %jmp T_1.10;
T_1.9 ;
    %pushi/vec4 1, 0, 3;
    %assign/vec4 v0x1139840_0, 0;
T_1.10 ;
    %jmp T_1.4;
T_1.4 ;
    %pop/vec4 1;
    %jmp T_1;
    .thread T_1;
    .scope S_0x1122f30;
T_2 ;
    %vpi_call/w 3 15 "$dumpfile", "dump.vcd" {0 0 0};
    %vpi_call/w 3 16 "$dumpvars", 32'sb00000000000000000000000000000001, S_0x1122f30 {0 0 0};
    %pushi/vec4 0, 0, 1;
    %store/vec4 v0x1139c40_0, 0, 1;
    %pushi/vec4 0, 0, 1;
    %store/vec4 v0x1139ba0_0, 0, 1;
    %vpi_call/w 3 20 "$display", "Initial out1: %0h, out2: %0h", v0x1139d10_0, v0x1139e10_0 {0 0 0};
    %fork TD_test.toggle_clk, S_0x11399a0;
    %join;
    %vpi_call/w 3 24 "$display", "IDLE out1: %0h, out2: %0h", v0x1139d10_0, v0x1139e10_0 {0 0 0};
    %pushi/vec4 1, 0, 1;
    %store/vec4 v0x1139ba0_0, 0, 1;
    %fork TD_test.toggle_clk, S_0x11399a0;
    %join;
    %vpi_call/w 3 29 "$display", "STATE_1 out1: %0h, out2: %0h", v0x1139d10_0, v0x1139e10_0 {0 0 0};
    %fork TD_test.toggle_clk, S_0x11399a0;
    %join;
    %vpi_call/w 3 33 "$display", "FINAL out1: %0h, out2: %0h", v0x1139d10_0, v0x1139e10_0 {0 0 0};
    %fork TD_test.toggle_clk, S_0x11399a0;
    %join;
    %vpi_call/w 3 37 "$display", "FINAL out1: %0h, out2: %0h", v0x1139d10_0, v0x1139e10_0 {0 0 0};
    %pushi/vec4 0, 0, 1;
    %store/vec4 v0x1139ba0_0, 0, 1;
    %fork TD_test.toggle_clk, S_0x11399a0;
    %join;
    %vpi_call/w 3 42 "$display", "IDLE out1: %0h, out2: %0h", v0x1139d10_0, v0x1139e10_0 {0 0 0};
    %end;
    .thread T_2;
# The file index is used to find the file name in the following table.
:file_names 5;
    "N/A";
    "<interactive>";
    "-";
    "testbench.sv";
    "design.sv";
